<?xml version="1.0" encoding="UTF-8"?>
<!-- Generated by org.testng.reporters.JUnitReportReporter -->
<testsuite skipped="0" hostname="DESKTOP-MLVAP7K" name="test.CategoryTest" tests="2" failures="0" timestamp="2022-07-14T10:57:17 CDT" time="7.488" errors="0">
  <testcase name="validateUserAbleToAddCategoryAndIsDisplayed" time="3.962" classname="test.CategoryTest"/>
  <system-out/>
  <testcase name="validateUserNotAbleToAddDuplicateCategory" time="3.526" classname="test.CategoryTest"/>
  <system-out/>
</testsuite> <!-- test.CategoryTest -->
