<?xml version="1.0" encoding="UTF-8"?>
<!-- Generated by org.testng.reporters.JUnitReportReporter -->
<testsuite skipped="0" hostname="DESKTOP-MLVAP7K" name="test.CategoryTest" tests="1" failures="0" timestamp="2022-06-29T15:15:58 CDT" time="3.151" errors="0">
  <testcase name="validateMonthDropdown" time="3.151" classname="test.CategoryTest"/>
  <system-out/>
</testsuite> <!-- test.CategoryTest -->
