<?xml version="1.0" encoding="UTF-8"?>
<!-- Generated by org.testng.reporters.JUnitReportReporter -->
<testsuite skipped="0" hostname="DESKTOP-MLVAP7K" name="test.CategoryTest" tests="3" failures="0" timestamp="2022-07-11T10:09:20 CDT" time="9.365" errors="0">
  <testcase name="validateUserAbleToAddCategoryAndIsDisplayed" time="3.714" classname="test.CategoryTest"/>
  <system-out/>
  <testcase name="validateUserNotAbleToAddDuplicateCategory" time="2.370" classname="test.CategoryTest"/>
  <system-out/>
  <testcase name="validateMonthDropdown" time="3.281" classname="test.CategoryTest"/>
  <system-out/>
</testsuite> <!-- test.CategoryTest -->
